<?xml version="1.0" encoding="utf-8"?><testsuites name="pytest tests"><testsuite name="pytest" errors="0" failures="0" skipped="0" tests="17" time="3.013" timestamp="2026-05-18T18:57:42.208458+00:00" hostname="agent-env-1c08fa9e-da50-464e-b0d0-cdf23b58ec8d"><testcase classname="backend.tests.test_backend_api.TestAuth" name="test_register_duplicate" time="0.753" /><testcase classname="backend.tests.test_backend_api.TestAuth" name="test_login_wrong_password" time="0.434" /><testcase classname="backend.tests.test_backend_api.TestAuth" name="test_me_with_bearer" time="0.114" /><testcase classname="backend.tests.test_backend_api.TestAuth" name="test_me_no_auth" time="0.191" /><testcase classname="backend.tests.test_backend_api.TestMapCreateNewSchema" name="test_create_returns_lines_and_texts_arrays" time="0.069" /><testcase classname="backend.tests.test_backend_api.TestMapCreateNewSchema" name="test_create_no_background_image" time="0.000" /><testcase classname="backend.tests.test_backend_api.TestMapCreateNewSchema" name="test_create_default_structure" time="0.000" /><testcase classname="backend.tests.test_backend_api.TestPolygonLabels" name="test_polygon_with_label_fields" time="0.142" /><testcase classname="backend.tests.test_backend_api.TestPolygonLabels" name="test_polygon_label_defaults" time="0.069" /><testcase classname="backend.tests.test_backend_api.TestLines" name="test_create_and_persist_lines" time="0.140" /><testcase classname="backend.tests.test_backend_api.TestLines" name="test_line_defaults" time="0.067" /><testcase classname="backend.tests.test_backend_api.TestTexts" name="test_create_and_persist_texts" time="0.136" /><testcase classname="backend.tests.test_backend_api.TestTexts" name="test_text_defaults" time="0.066" /><testcase classname="backend.tests.test_backend_api.TestBackwardCompat" name="test_legacy_map_without_lines_texts" time="0.203" /><testcase classname="backend.tests.test_backend_api.TestPublicShareWithNewFields" name="test_public_includes_new_fields" time="0.387" /><testcase classname="backend.tests.test_backend_api.TestGetMapNoBackgroundImage" name="test_get_response_has_no_background_image" time="0.073" /><testcase classname="backend.tests.test_backend_api.TestGetMapNoBackgroundImage" name="test_list_response_has_no_background_image" time="0.068" /></testsuite></testsuites>